0 info it worked if it ends with ok
1 verbose cli [ '/Users/525750/.nvm/versions/node/v6.2.0/bin/node',
1 verbose cli   '/Users/525750/.nvm/versions/node/v6.2.0/bin/npm',
1 verbose cli   'start' ]
2 info using npm@3.8.9
3 info using node@v6.2.0
4 verbose run-script [ 'prestart', 'start', 'poststart' ]
5 info lifecycle schoolsbuddy-test@0.0.0~prestart: schoolsbuddy-test@0.0.0
6 verbose lifecycle schoolsbuddy-test@0.0.0~prestart: unsafe-perm in lifecycle true
7 verbose lifecycle schoolsbuddy-test@0.0.0~prestart: PATH: /Users/525750/.nvm/versions/node/v6.2.0/lib/node_modules/npm/bin/node-gyp-bin:/Users/525750/Dev/schoolsbuddy-test/node_modules/.bin:/Users/525750/.nvm/versions/node/v6.2.0/bin:/Users/525750/.nvm/versions/node/v6.2.0/bin:/usr/local/bin:/usr/bin:/bin:/usr/sbin:/sbin:/Applications/Wireshark.app/Contents/MacOS:/Users/525750/Library/Python/2.7/bin
8 verbose lifecycle schoolsbuddy-test@0.0.0~prestart: CWD: /Users/525750/Dev/schoolsbuddy-test
9 silly lifecycle schoolsbuddy-test@0.0.0~prestart: Args: [ '-c', 'npm install' ]
10 silly lifecycle schoolsbuddy-test@0.0.0~prestart: Returned: code: 1  signal: null
11 info lifecycle schoolsbuddy-test@0.0.0~prestart: Failed to exec prestart script
12 verbose stack Error: schoolsbuddy-test@0.0.0 prestart: `npm install`
12 verbose stack Exit status 1
12 verbose stack     at EventEmitter.<anonymous> (/Users/525750/.nvm/versions/node/v6.2.0/lib/node_modules/npm/lib/utils/lifecycle.js:245:16)
12 verbose stack     at emitTwo (events.js:106:13)
12 verbose stack     at EventEmitter.emit (events.js:191:7)
12 verbose stack     at ChildProcess.<anonymous> (/Users/525750/.nvm/versions/node/v6.2.0/lib/node_modules/npm/lib/utils/spawn.js:24:14)
12 verbose stack     at emitTwo (events.js:106:13)
12 verbose stack     at ChildProcess.emit (events.js:191:7)
12 verbose stack     at maybeClose (internal/child_process.js:850:16)
12 verbose stack     at Process.ChildProcess._handle.onexit (internal/child_process.js:215:5)
13 verbose pkgid schoolsbuddy-test@0.0.0
14 verbose cwd /Users/525750/Dev/schoolsbuddy-test
15 error Darwin 19.3.0
16 error argv "/Users/525750/.nvm/versions/node/v6.2.0/bin/node" "/Users/525750/.nvm/versions/node/v6.2.0/bin/npm" "start"
17 error node v6.2.0
18 error npm  v3.8.9
19 error code ELIFECYCLE
20 error schoolsbuddy-test@0.0.0 prestart: `npm install`
20 error Exit status 1
21 error Failed at the schoolsbuddy-test@0.0.0 prestart script 'npm install'.
21 error Make sure you have the latest version of node.js and npm installed.
21 error If you do, this is most likely a problem with the schoolsbuddy-test package,
21 error not with npm itself.
21 error Tell the author that this fails on your system:
21 error     npm install
21 error You can get information on how to open an issue for this project with:
21 error     npm bugs schoolsbuddy-test
21 error Or if that isn't available, you can get their info via:
21 error     npm owner ls schoolsbuddy-test
21 error There is likely additional logging output above.
22 verbose exit [ 1, true ]
